[0.112s] Invoking command in '/home/kevo/ros_ws/src/ai_based_sorting_robot_arm/build/robotic_arm_kinematics': AMENT_PREFIX_PATH=/home/kevo/ros_ws/src/ai_based_sorting_robot_arm/install/robotic_arm_description:${AMENT_PREFIX_PATH} CMAKE_PREFIX_PATH=/home/kevo/ros_ws/src/ai_based_sorting_robot_arm/install/robotic_arm_description:${CMAKE_PREFIX_PATH} /usr/bin/cmake --build /home/kevo/ros_ws/src/ai_based_sorting_robot_arm/build/robotic_arm_kinematics -- -j8 -l8
[0.132s] -- Found ament_cmake: 1.3.5 (/opt/ros/humble/share/ament_cmake/cmake)
[0.260s] -- Found trajectory_msgs: 4.2.3 (/opt/ros/humble/share/trajectory_msgs/cmake)
[0.361s] -- Found rosidl_generator_c: 3.1.5 (/opt/ros/humble/share/rosidl_generator_c/cmake)
[0.363s] -- Found rosidl_adapter: 3.1.5 (/opt/ros/humble/share/rosidl_adapter/cmake)
[0.368s] -- Found rosidl_generator_cpp: 3.1.5 (/opt/ros/humble/share/rosidl_generator_cpp/cmake)
[0.382s] -- Using all available rosidl_typesupport_c: rosidl_typesupport_fastrtps_c;rosidl_typesupport_introspection_c
[0.396s] -- Using all available rosidl_typesupport_cpp: rosidl_typesupport_fastrtps_cpp;rosidl_typesupport_introspection_cpp
[0.591s] -- Found rclcpp: 16.0.6 (/opt/ros/humble/share/rclcpp/cmake)
[0.652s] -- Found rmw_implementation_cmake: 6.1.1 (/opt/ros/humble/share/rmw_implementation_cmake/cmake)
[0.656s] -- Found rmw_cyclonedds_cpp: 1.3.4 (/opt/ros/humble/share/rmw_cyclonedds_cpp/cmake)
[0.681s] -- Using RMW implementation 'rmw_cyclonedds_cpp' as default
[0.795s] -- Found kdl_parser: 2.6.4 (/opt/ros/humble/share/kdl_parser/cmake)
[0.796s] -- Found eigen3_cmake_module: 0.1.1 (/opt/ros/humble/share/eigen3_cmake_module/cmake)
[0.797s] -- Ensuring Eigen3 include directory is part of orocos-kdl CMake target
[0.799s] -- Found urdf: 2.6.0 (/opt/ros/humble/share/urdf/cmake)
[1.449s] -- Found robotic_arm_description: 0.0.0 (/home/kevo/ros_ws/src/ai_based_sorting_robot_arm/install/robotic_arm_description/share/robotic_arm_description/cmake)
[1.507s] Error parsing '/home/kevo/ros_ws/src/ai_based_sorting_robot_arm/src/robotic_arm_kinematics/package.xml':
[1.572s] Traceback (most recent call last):
[1.572s]   File "/opt/ros/humble/share/ament_cmake_core/cmake/core/package_xml_2_cmake.py", line 150, in <module>
[1.572s]     main()
[1.572s]   File "/opt/ros/humble/share/ament_cmake_core/cmake/core/package_xml_2_cmake.py", line 53, in main
[1.572s]     raise e
[1.573s]   File "/opt/ros/humble/share/ament_cmake_core/cmake/core/package_xml_2_cmake.py", line 49, in main
[1.573s]     package = parse_package_string(
[1.573s]   File "/usr/lib/python3/dist-packages/catkin_pkg/package.py", line 786, in parse_package_string
[1.574s]     raise InvalidPackage('Error(s):%s' % (''.join(['\n- %s' % e for e in errors])), filename)
[1.574s] catkin_pkg.package.InvalidPackage: Error(s) in package '/home/kevo/ros_ws/src/ai_based_sorting_robot_arm/src/robotic_arm_kinematics/package.xml':
[1.574s] Error(s):
[1.574s] - The generic dependency on 'rclcpp' is redundant with: build_depend, exec_depend
[1.588s] [31mCMake Error at /opt/ros/humble/share/ament_cmake_core/cmake/core/ament_package_xml.cmake:95 (message):
[1.588s]   execute_process(/usr/bin/python3.10
[1.588s]   /opt/ros/humble/share/ament_cmake_core/cmake/core/package_xml_2_cmake.py
[1.588s]   /home/kevo/ros_ws/src/ai_based_sorting_robot_arm/src/robotic_arm_kinematics/package.xml
[1.589s]   /home/kevo/ros_ws/src/ai_based_sorting_robot_arm/build/robotic_arm_kinematics/ament_cmake_core/package.cmake)
[1.589s]   returned error code 1
[1.589s] Call Stack (most recent call first):
[1.589s]   /opt/ros/humble/share/ament_cmake_core/cmake/core/ament_package_xml.cmake:49 (_ament_package_xml)
[1.589s]   /opt/ros/humble/share/ament_cmake_core/cmake/core/ament_package.cmake:63 (ament_package_xml)
[1.589s]   CMakeLists.txt:52 (ament_package)
[1.589s] 
[1.589s] [0m
[1.589s] -- Configuring incomplete, errors occurred!
[1.589s] See also "/home/kevo/ros_ws/src/ai_based_sorting_robot_arm/build/robotic_arm_kinematics/CMakeFiles/CMakeOutput.log".
[1.594s] gmake: *** [Makefile:349: cmake_check_build_system] Error 1
[1.595s] Invoked command in '/home/kevo/ros_ws/src/ai_based_sorting_robot_arm/build/robotic_arm_kinematics' returned '2': AMENT_PREFIX_PATH=/home/kevo/ros_ws/src/ai_based_sorting_robot_arm/install/robotic_arm_description:${AMENT_PREFIX_PATH} CMAKE_PREFIX_PATH=/home/kevo/ros_ws/src/ai_based_sorting_robot_arm/install/robotic_arm_description:${CMAKE_PREFIX_PATH} /usr/bin/cmake --build /home/kevo/ros_ws/src/ai_based_sorting_robot_arm/build/robotic_arm_kinematics -- -j8 -l8
