[35m[1mConsolidate compiler generated dependencies of target kinematics_node[0m
[35m[1mConsolidate compiler generated dependencies of target ros_arm_kdl[0m
[35m[1mConsolidate compiler generated dependencies of target geometry_pont_publisher[0m
[ 12%] [32mBuilding CXX object CMakeFiles/geometry_point_subscriber.dir/src/geometry_point_subscriber.cpp.o[0m
[ 25%] [32mBuilding CXX object CMakeFiles/kinematics_node.dir/src/kinematics_node.cpp.o[0m
[ 50%] Built target ros_arm_kdl
[ 75%] Built target geometry_pont_publisher
[01m[Kcc1plus:[m[K [01;31m[Kfatal error: [m[K/home/kevo/ros_ws/src/ai_based_sorting_robot_arm/src/robotic_arm_kinematics/src/kinematics_node.cpp: No such file or directory
compilation terminated.
gmake[2]: *** [CMakeFiles/kinematics_node.dir/build.make:76: CMakeFiles/kinematics_node.dir/src/kinematics_node.cpp.o] Error 1
gmake[1]: *** [CMakeFiles/Makefile2:143: CMakeFiles/kinematics_node.dir/all] Error 2
gmake[1]: *** Waiting for unfinished jobs....
[01m[K/home/kevo/ros_ws/src/ai_based_sorting_robot_arm/src/robotic_arm_kinematics/src/geometry_point_subscriber.cpp:4:10:[m[K [01;31m[Kfatal error: [m[Krclcpp/rclcpp.hpp: No such file or directory
    4 | #include [01;31m[K<rclcpp/rclcpp.hpp>[m[K
      |          [01;31m[K^~~~~~~~~~~~~~~~~~~[m[K
compilation terminated.
gmake[2]: *** [CMakeFiles/geometry_point_subscriber.dir/build.make:76: CMakeFiles/geometry_point_subscriber.dir/src/geometry_point_subscriber.cpp.o] Error 1
gmake[1]: *** [CMakeFiles/Makefile2:221: CMakeFiles/geometry_point_subscriber.dir/all] Error 2
gmake: *** [Makefile:146: all] Error 2
