[01m[K/home/kevo/ros_ws/src/ai_based_sorting_robot_arm/src/robotic_arm_kinematics/src/geometry_point_subscriber.cpp:4:10:[m[K [01;31m[Kfatal error: [m[Krclcpp/rclcpp.hpp: No such file or directory
    4 | #include [01;31m[K<rclcpp/rclcpp.hpp>[m[K
      |          [01;31m[K^~~~~~~~~~~~~~~~~~~[m[K
compilation terminated.
gmake[2]: *** [CMakeFiles/geometry_point_subscriber.dir/build.make:76: CMakeFiles/geometry_point_subscriber.dir/src/geometry_point_subscriber.cpp.o] Error 1
gmake[1]: *** [CMakeFiles/Makefile2:221: CMakeFiles/geometry_point_subscriber.dir/all] Error 2
gmake[1]: *** Waiting for unfinished jobs....
[01m[K/home/kevo/ros_ws/src/ai_based_sorting_robot_arm/src/robotic_arm_kinematics/src/kinematics_node.cpp:[m[K In member function â€˜[01m[Kint KinematicsNode::forward_kinematics(double, double, double, double, double, double*, double*, double*)[m[Kâ€™:
[01m[K/home/kevo/ros_ws/src/ai_based_sorting_robot_arm/src/robotic_arm_kinematics/src/kinematics_node.cpp:93:111:[m[K [01;35m[Kwarning: [m[Kunused parameter â€˜[01m[Ktheta_5[m[Kâ€™ [[01;35m[K]8;;https://gcc.gnu.org/onlinedocs/gcc/Warning-Options.html#index-Wunused-parameter-Wunused-parameter]8;;[m[K]
   93 | ::forward_kinematics(double theta_1, double theta_2, double theta_3, double theta_4, [01;35m[Kdouble theta_5[m[K, double* x, double* y, double* z)
      |                                                                                      [01;35m[K~~~~~~~^~~~~~~[m[K

[01m[K/home/kevo/ros_ws/src/ai_based_sorting_robot_arm/src/robotic_arm_kinematics/src/robotic_arm_kdl.cpp:[m[K In member function â€˜[01m[Kvoid KDL_publisher::build_tree()[m[Kâ€™:
[01m[K/home/kevo/ros_ws/src/ai_based_sorting_robot_arm/src/robotic_arm_kinematics/src/robotic_arm_kdl.cpp:137:13:[m[K [01;35m[Kwarning: [m[Kvariable â€˜[01m[Kretval[m[Kâ€™ set but not used [[01;35m[K]8;;https://gcc.gnu.org/onlinedocs/gcc/Warning-Options.html#index-Wunused-but-set-variable-Wunused-but-set-variable]8;;[m[K]
  137 |         int [01;35m[Kretval[m[K;
      |             [01;35m[K^~~~~~[m[K
gmake: *** [Makefile:146: all] Error 2
